<?xml version="1.0" encoding="UTF-8"?>
<!-- Generated by org.testng.reporters.JUnitReportReporter -->
<testsuite hostname="LAPTOP-69CS28LU" failures="0" tests="1" name="com.testng.dataprovider.DataProviderIntegrationExample" time="0.000" errors="0" timestamp="2022-06-12T20:51:22 IST" skipped="0">
  <testcase classname="com.testng.dataprovider.DataProviderIntegrationExample" name="integrationTest" time="0.000"/>
  <system-out/>
</testsuite> <!-- com.testng.dataprovider.DataProviderIntegrationExample -->
