<?xml version="1.0" encoding="UTF-8"?>
<!-- Generated by org.testng.reporters.JUnitReportReporter -->
<testsuite hostname="LAPTOP-69CS28LU" failures="0" tests="3" name="com.testng.dataprovider.DataProviderParameterExample" time="0.006" errors="0" timestamp="2022-06-12T20:51:22 IST" skipped="0">
  <testcase classname="com.testng.dataprovider.DataProviderParameterExample" name="commonScenarios" time="0.006"/>
  <system-out/>
  <testcase classname="com.testng.dataprovider.DataProviderParameterExample" name="scenario1" time="0.000"/>
  <system-out/>
  <testcase classname="com.testng.dataprovider.DataProviderParameterExample" name="scenario2" time="0.000"/>
  <system-out/>
</testsuite> <!-- com.testng.dataprovider.DataProviderParameterExample -->
