<?xml version="1.0" encoding="UTF-8"?>
<!-- Generated by org.testng.reporters.JUnitReportReporter -->
<testsuite hostname="LAPTOP-69CS28LU" failures="0" tests="3" name="FaceBookLogin" time="0.016" errors="0" timestamp="2022-06-12T20:58:02 IST" skipped="0">
  <testcase classname="FaceBookLogin" name="loginWithInValidCredentials" time="0.016"/>
  <system-out/>
  <testcase classname="FaceBookLogin" name="loginWithValidCredentials" time="0.000"/>
  <system-out/>
  <testcase classname="FaceBookLogin" name="loginWithInValidUserName" time="0.000"/>
  <system-out/>
</testsuite> <!-- FaceBookLogin -->
