<?xml version="1.0" encoding="UTF-8"?>
<!-- Generated by org.testng.reporters.JUnitReportReporter -->
<testsuite hostname="LAPTOP-69CS28LU" failures="0" tests="1" name="executionorder.AnnotationsTest" time="0.006" errors="0" timestamp="2022-05-22T11:53:25 IST" skipped="0">
  <testcase classname="executionorder.AnnotationsTest" name="first" time="0.006"/>
  <system-out/>
</testsuite> <!-- executionorder.AnnotationsTest -->
