<?xml version="1.0" encoding="UTF-8"?>
<!-- Generated by org.testng.reporters.JUnitReportReporter -->
<testsuite hostname="LAPTOP-69CS28LU" failures="0" tests="4" name="com.testng.training.MultiTestDependency" time="0.033" errors="0" timestamp="2022-08-19T10:38:39 IST" skipped="0">
  <testcase classname="com.testng.training.MultiTestDependency" name="start" time="0.018"/>
  <system-out/>
  <testcase classname="com.testng.training.MultiTestDependency" name="init" time="0.002"/>
  <system-out/>
  <testcase classname="com.testng.training.MultiTestDependency" name="process" time="0.008"/>
  <system-out/>
  <testcase classname="com.testng.training.MultiTestDependency" name="stop" time="0.005"/>
  <system-out/>
</testsuite> <!-- com.testng.training.MultiTestDependency -->
