<?xml version="1.0" encoding="UTF-8"?>
<!-- Generated by org.testng.reporters.JUnitReportReporter -->
<testsuite hostname="LAPTOP-69CS28LU" failures="0" tests="4" name="com.testng.training.PriorityExample" time="0.014" errors="0" timestamp="2022-11-26T09:54:20 IST" skipped="0">
  <testcase classname="com.testng.training.PriorityExample" name="testOne" time="0.014"/>
  <system-out/>
  <testcase classname="com.testng.training.PriorityExample" name="testFour" time="0.000"/>
  <system-out/>
  <testcase classname="com.testng.training.PriorityExample" name="testThree" time="0.000"/>
  <system-out/>
  <testcase classname="com.testng.training.PriorityExample" name="testTwo" time="0.000"/>
  <system-out/>
</testsuite> <!-- com.testng.training.PriorityExample -->
