<?xml version="1.0" encoding="UTF-8"?>
<!-- Generated by org.testng.reporters.JUnitReportReporter -->
<testsuite hostname="LAPTOP-69CS28LU" failures="0" tests="2" name="com.testng.dataprovider.TestParameterExample" time="0.028" errors="0" timestamp="2022-06-12T20:55:07 IST" skipped="0">
  <testcase classname="com.testng.dataprovider.TestParameterExample" name="testAddition" time="0.026"/>
  <system-out/>
  <testcase classname="com.testng.dataprovider.TestParameterExample" name="testAddition" time="0.002"/>
  <system-out/>
</testsuite> <!-- com.testng.dataprovider.TestParameterExample -->
