<?xml version="1.0" encoding="UTF-8"?>
<!-- Generated by org.testng.reporters.JUnitReportReporter -->
<testsuite hostname="LAPTOP-69CS28LU" failures="0" tests="4" name="com.testng.training.TestCaseGrouping" time="0.023" errors="0" timestamp="2022-08-19T10:35:18 IST" skipped="0">
  <testcase classname="com.testng.training.TestCaseGrouping" name="testCaseThree" time="0.001"/>
  <system-out/>
  <testcase classname="com.testng.training.TestCaseGrouping" name="testCaseOne" time="0.003"/>
  <system-out/>
  <testcase classname="com.testng.training.TestCaseGrouping" name="testCaseFour" time="0.018"/>
  <system-out/>
  <testcase classname="com.testng.training.TestCaseGrouping" name="testCaseTwo" time="0.001"/>
  <system-out/>
</testsuite> <!-- com.testng.training.TestCaseGrouping -->
