<?xml version="1.0" encoding="UTF-8"?>
<!-- Generated by org.testng.reporters.JUnitReportReporter -->
<testsuite hostname="LAPTOP-69CS28LU" failures="0" tests="2" name="FaceBookProfileTest" time="0.000" errors="0" timestamp="2022-06-12T20:58:02 IST" skipped="0">
  <testcase classname="FaceBookProfileTest" name="checkProfileLogo" time="0.000"/>
  <system-out/>
  <testcase classname="FaceBookProfileTest" name="checkProfileLink" time="0.000"/>
  <system-out/>
</testsuite> <!-- FaceBookProfileTest -->
